2022-09-29 10:57:00.034  INFO 10188 --- [main] lavalink.server.Launcher                 : 

[32m       .  [31m _                  _ _       _    [32m__ _ _
[32m      /\\ [31m| | __ ___   ____ _| (_)_ __ | | __[32m\ \ \ \
[32m     ( ( )[31m| |/ _` \ \ / / _` | | | '_ \| |/ /[32m \ \ \ \
[32m      \\/ [31m| | (_| |\ V / (_| | | | | | |   < [32m  ) ) ) )
[32m       '  [31m|_|\__,_| \_/ \__,_|_|_|_| |_|_|\_\[32m / / / /
[0m    =========================================[32m/_/_/_/[0m

	Version:        df046f418b361af17e244536a670cc969eb60fba-SNAPSHOT
	Build:          Unofficial
	Build time:     16.08.2021 16:06:26 UTC
	Branch:         dev
	Commit:         df046f4
	Commit time:    16.08.2021 16:00:50 UTC
	Kotlin:         1.5.21
	JVM:            11.0.16
	Lavaplayer:     1.3.92

2022-09-29 10:57:01.066  INFO 10188 --- [main] lavalink.server.Launcher                 : Starting Launcher using Java 11.0.16 on IND100DK with PID 10188 (C:\Users\gabriel.chicaiza\Documents\GFrancV\projects\vilbot\lavalink\Lavalink.jar started by gabriel.chicaiza in C:\Users\gabriel.chicaiza\Documents\GFrancV\projects\vilbot\lavalink)
2022-09-29 10:57:01.082  INFO 10188 --- [main] lavalink.server.Launcher                 : No active profile set, falling back to default profiles: default
2022-09-29 10:57:12.101  WARN 10188 --- [main] io.undertow.websockets.jsr               : UT026010: Buffer pool was not set on WebSocketDeploymentInfo, the default pool will be used
2022-09-29 10:57:12.268  INFO 10188 --- [main] io.undertow.servlet                      : Initializing Spring embedded WebApplicationContext
2022-09-29 10:57:12.270  INFO 10188 --- [main] w.s.c.ServletWebServerApplicationContext : Root WebApplicationContext: initialization completed in 10668 ms
2022-09-29 10:57:13.807  INFO 10188 --- [main] c.s.d.l.tools.GarbageCollectionMonitor   : GC monitoring enabled, reporting results every 2 minutes.
2022-09-29 10:57:14.697  INFO 10188 --- [main] lavalink.server.config.KoeConfiguration  : OS: Windows 11, Arch: amd64
2022-09-29 10:57:14.699  WARN 10188 --- [main] lavalink.server.config.KoeConfiguration  : This system and architecture appears to not support native audio sending! GC pauses may cause your bot to stutter during playback.
2022-09-29 10:57:14.712  INFO 10188 --- [main] lavalink.server.config.KoeConfiguration  : Using the 'default' byte buf allocator
2022-09-29 10:57:14.746  INFO 10188 --- [main] c.g.n.nativeloader.NativeLibLoader       : Native library timescale: loading with parts [Part{feature=X86.avx2, part=avx2}]
2022-09-29 10:57:14.754  INFO 10188 --- [main] c.g.n.nativeloader.NativeLibLoader       : Native library detector: loading with parts []
2022-09-29 10:57:14.880  INFO 10188 --- [main] c.g.n.nativeloader.NativeLibLoader       : Native library detector: successfully loaded.
2022-09-29 10:57:14.917  INFO 10188 --- [main] c.g.n.nativeloader.NativeLibLoader       : Native library timescale: successfully loaded.
2022-09-29 10:57:14.919  INFO 10188 --- [main] lavalink.server.io.SocketServer          : Timescale natives loaded successfully.
2022-09-29 10:57:14.995  WARN 10188 --- [main] l.server.config.SentryConfiguration      : Turning off sentry
2022-09-29 10:57:17.372  INFO 10188 --- [main] io.undertow                              : starting server: Undertow - 2.2.9.Final
2022-09-29 10:57:17.443  INFO 10188 --- [main] org.xnio                                 : XNIO version 3.8.4.Final
2022-09-29 10:57:17.561  INFO 10188 --- [main] org.xnio.nio                             : XNIO NIO Implementation Version 3.8.4.Final
2022-09-29 10:57:17.987  INFO 10188 --- [main] org.jboss.threads                        : JBoss Threads version 3.1.0.Final
2022-09-29 10:57:18.281  INFO 10188 --- [main] o.s.b.w.e.undertow.UndertowWebServer     : Undertow started on port(s) 2333 (http)
2022-09-29 10:57:18.355  INFO 10188 --- [main] lavalink.server.Launcher                 : Started Launcher in 21.339 seconds (JVM running for 24.409)
2022-09-29 13:39:02.584  INFO 10188 --- [SpringApplicationShutdownHook] io.undertow                              : stopping server: Undertow - 2.2.9.Final
2022-09-29 13:39:02.661  INFO 10188 --- [SpringApplicationShutdownHook] c.s.d.l.tools.GarbageCollectionMonitor   : GC monitoring disabled.
